step 0
2 3
2 3
2 3
6 5
6 0
2 2
7 9
4 5
4 7
0 0
8 10
9 1
9 1
step 1
2 4
2 2
3 4
5 5
7 1
1 1
8 9
captured
4 7
0 0
9 11
8 1
10 2
step 2
2 5
2 1
4 5
4 6
8 1
0 0
9 9
captured
4 7
captured
10 12
captured
10 3
step 3
2 6
2 0
4 6
4 7
9 2
1 1
10 9
captured
captured
captured
10 12
captured
10 4
step 4
2 7
3 0
5 7
5 8
10 3
2 2
10 8
captured
captured
captured
10 12
captured
10 5
step 5
2 8
4 0
6 8
6 8
10 4
3 3
10 7
captured
captured
captured
10 12
captured
10 6
step 6
2 9
5 0
7 7
7 7
10 5
4 4
10 6
captured
captured
captured
10 12
captured
10 7
step 7
2 10
6 0
8 6
8 6
10 6
5 5
captured
captured
captured
captured
10 12
captured
10 8
step 8
2 11
7 0
9 7
9 7
10 7
6 6
captured
captured
captured
captured
10 12
captured
10 9
step 9
2 12
8 0
10 8
10 8
10 8
7 7
captured
captured
captured
captured
10 12
captured
10 10
step 10
3 12
9 0
10 9
10 9
10 9
8 8
captured
captured
captured
captured
10 12
captured
10 11
step 11
4 12
10 0
10 10
10 10
10 10
9 9
captured
captured
captured
captured
10 12
captured
10 12
step 12
5 12
10 1
10 11
10 11
10 11
10 10
captured
captured
captured
captured
10 12
captured
10 12
step 13
6 12
10 2
10 12
10 12
10 12
10 11
captured
captured
captured
captured
captured
captured
captured
O
