step 0
0 0
0 4
0 8
0 12
0 16
0 20
24 2
24 7
24 12
24 17
13 11
10 3
10 15
5 2
17 20
21 13
13 15
13 4
21 5
13 11
1 4
7 19
15 1
19 4
18 19
4 6
20 3
25 22
10 20
3 8
step 1
1 1
1 4
1 8
1 11
1 17
1 19
24 1
24 6
24 11
24 16
13 11
11 4
11 16
6 3
16 21
20 14
14 15
12 4
20 6
12 12
2 4
8 20
14 0
18 5
17 20
5 7
19 4
25 22
9 20
4 8
step 2
2 2
2 4
2 8
2 10
2 18
2 20
24 0
24 5
24 10
24 15
13 11
12 5
12 17
7 4
15 22
19 15
15 15
11 4
19 6
13 13
3 4
9 21
13 0
17 6
16 21
6 8
18 5
25 22
8 20
5 8
step 3
3 3
3 4
3 8
3 9
3 19
3 20
25 0
24 4
24 9
24 14
13 11
13 6
13 18
8 5
14 22
18 16
16 15
10 4
18 7
14 14
4 4
10 22
14 0
16 7
15 22
7 9
17 6
25 22
7 20
6 8
step 4
4 4
4 4
4 8
4 8
4 20
4 20
25 1
24 3
24 8
24 13
13 11
14 7
14 19
9 6
13 22
17 17
17 15
9 4
17 8
13 15
5 5
11 22
13 0
15 8
14 22
8 10
16 7
25 22
6 20
7 8
step 5
5 5
5 5
5 7
5 7
5 20
5 20
25 2
24 2
24 7
24 12
13 11
15 8
15 18
10 7
14 22
16 18
18 15
8 4
16 9
14 16
6 6
12 22
14 0
14 9
15 22
9 11
15 8
25 22
captured
8 8
step 6
6 6
6 6
6 6
6 6
6 21
6 21
25 3
24 1
24 6
24 11
13 11
14 9
14 19
11 8
15 22
15 19
19 15
7 4
15 10
15 17
7 7
13 22
15 0
15 10
16 22
10 12
14 9
25 22
captured
9 9
step 7
7 7
7 7
7 7
7 7
7 22
7 22
25 4
24 0
24 5
24 10
13 11
15 10
15 18
12 9
16 22
16 18
20 15
6 4
16 11
16 16
8 8
14 22
16 0
16 11
17 22
11 13
15 10
25 22
captured
10 10
step 8
8 8
8 8
8 8
8 8
8 22
8 22
25 5
25 0
24 4
24 9
13 11
16 11
16 17
13 10
17 22
15 19
21 15
5 4
15 12
15 17
9 9
15 22
15 0
15 12
18 22
12 14
16 11
25 22
captured
11 11
step 9
9 9
9 9
9 9
9 9
9 21
9 21
25 6
25 1
24 3
24 8
13 11
17 12
17 16
14 11
18 22
16 18
22 15
4 4
16 13
16 16
10 10
16 22
16 0
16 13
19 22
13 15
17 12
25 22
captured
12 12
step 10
10 10
10 10
10 10
10 10
10 20
10 20
25 7
25 2
24 2
24 7
13 11
16 13
18 17
15 12
19 22
17 17
23 15
3 4
17 14
17 17
11 11
17 22
15 0
17 14
20 22
14 16
16 13
25 22
captured
13 13
step 11
11 11
11 11
11 11
11 11
11 19
11 19
25 8
25 3
24 1
24 6
13 11
17 14
19 18
16 13
20 22
18 18
24 15
2 4
18 15
18 18
12 12
18 22
14 0
18 15
21 22
15 15
17 14
25 22
captured
14 14
step 12
12 12
12 12
12 12
12 12
12 18
12 18
25 9
25 4
24 0
24 5
13 11
18 15
20 19
17 14
21 22
19 19
25 15
1 4
19 16
19 19
13 13
19 22
13 0
19 16
22 22
16 16
18 15
25 22
captured
15 15
step 13
13 11
13 11
13 11
13 11
13 17
13 17
25 10
25 5
25 0
24 4
captured
19 16
21 20
18 15
22 22
20 20
25 14
0 4
20 17
20 20
14 14
20 22
12 0
20 17
23 22
17 17
19 16
25 22
captured
16 16
step 14
14 12
14 12
14 12
14 12
14 16
14 16
25 11
25 6
25 1
24 3
captured
20 17
22 21
19 16
23 22
21 21
25 13
0 3
21 18
21 21
15 15
21 22
11 0
21 18
24 22
18 17
20 17
25 22
captured
17 15
step 15
15 13
15 13
15 13
15 13
15 15
15 15
25 12
25 7
25 2
24 2
captured
21 18
23 22
20 17
24 22
22 22
captured
0 2
22 19
22 22
16 14
22 22
10 0
22 19
25 22
19 18
21 18
25 22
captured
18 16
step 16
16 14
16 14
16 14
16 14
16 14
16 14
25 13
25 8
25 3
24 1
captured
22 19
24 22
21 18
25 22
23 22
captured
0 1
23 20
23 22
17 15
23 22
9 0
23 20
25 22
20 19
22 19
25 22
captured
19 17
step 17
17 15
17 15
17 15
17 15
17 15
17 15
25 14
25 9
25 4
24 0
captured
23 20
25 22
22 19
25 22
24 22
captured
0 0
24 21
24 22
18 16
24 22
8 0
24 21
25 22
21 20
23 20
25 22
captured
20 18
step 18
18 16
18 16
18 16
18 16
18 16
18 16
25 15
25 10
25 5
25 0
captured
24 21
25 22
23 20
25 22
25 22
captured
1 0
25 22
25 22
19 17
25 22
7 0
25 22
25 22
22 21
24 21
25 22
captured
21 19
step 19
19 17
19 17
19 17
19 17
19 17
19 17
25 16
25 11
25 6
25 1
captured
25 22
25 22
24 21
25 22
25 22
captured
2 0
25 22
25 22
20 18
25 22
6 0
25 22
25 22
23 22
25 22
25 22
captured
22 20
step 20
20 18
20 18
20 18
20 18
20 18
20 18
25 17
25 12
25 7
25 2
captured
25 22
25 22
25 22
25 22
25 22
captured
3 0
25 22
25 22
21 19
25 22
5 0
25 22
25 22
24 22
25 22
25 22
captured
23 21
step 21
21 19
21 19
21 19
21 19
21 19
21 19
25 18
25 13
25 8
25 3
captured
25 22
25 22
25 22
25 22
25 22
captured
4 0
25 22
25 22
22 20
25 22
4 0
25 22
25 22
25 22
25 22
25 22
captured
24 22
step 22
22 20
22 20
22 20
22 20
22 20
22 20
25 19
25 14
25 9
25 4
captured
25 22
25 22
25 22
25 22
25 22
captured
5 0
25 22
25 22
23 21
25 22
3 0
25 22
25 22
25 22
25 22
25 22
captured
25 22
step 23
23 21
23 21
23 21
23 21
23 21
23 21
25 20
25 15
25 10
25 5
captured
25 22
25 22
25 22
25 22
25 22
captured
6 0
25 22
25 22
24 22
25 22
2 0
25 22
25 22
25 22
25 22
25 22
captured
25 22
step 24
24 22
24 22
24 22
24 22
24 22
24 22
25 21
25 16
25 11
25 6
captured
25 22
25 22
25 22
25 22
25 22
captured
7 0
25 22
25 22
25 22
25 22
1 0
25 22
25 22
25 22
25 22
25 22
captured
25 22
step 25
25 22
25 22
25 22
25 22
25 22
25 22
25 22
25 17
25 12
25 7
captured
captured
captured
captured
captured
captured
captured
8 0
captured
captured
captured
captured
0 0
captured
captured
captured
captured
captured
captured
captured
step 26
24 21
24 21
24 21
24 21
24 21
24 21
24 22
25 18
25 13
25 8
captured
captured
captured
captured
captured
captured
captured
9 0
captured
captured
captured
captured
0 0
captured
captured
captured
captured
captured
captured
captured
step 27
23 20
23 20
23 20
23 20
23 20
23 20
23 22
25 19
25 14
25 9
captured
captured
captured
captured
captured
captured
captured
10 0
captured
captured
captured
captured
0 0
captured
captured
captured
captured
captured
captured
captured
step 28
22 19
22 19
22 19
22 19
22 19
22 19
22 22
25 20
25 15
25 10
captured
captured
captured
captured
captured
captured
captured
11 0
captured
captured
captured
captured
0 0
captured
captured
captured
captured
captured
captured
captured
step 29
21 18
21 18
21 18
21 18
21 18
21 18
21 22
25 21
25 16
25 11
captured
captured
captured
captured
captured
captured
captured
12 0
captured
captured
captured
captured
0 0
captured
captured
captured
captured
captured
captured
captured
step 30
20 17
20 17
20 17
20 17
20 17
20 17
20 22
25 22
25 17
25 12
captured
captured
captured
captured
captured
captured
captured
13 0
captured
captured
captured
captured
0 0
captured
captured
captured
captured
captured
captured
captured
step 31
19 16
19 16
19 16
19 16
19 16
19 16
19 22
24 22
25 18
25 13
captured
captured
captured
captured
captured
captured
captured
14 0
captured
captured
captured
captured
0 0
captured
captured
captured
captured
captured
captured
captured
step 32
18 15
18 15
18 15
18 15
18 15
18 15
18 22
23 22
25 19
25 14
captured
captured
captured
captured
captured
captured
captured
15 0
captured
captured
captured
captured
0 0
captured
captured
captured
captured
captured
captured
captured
step 33
17 14
17 14
17 14
17 14
17 14
17 14
17 22
22 22
25 20
25 15
captured
captured
captured
captured
captured
captured
captured
16 0
captured
captured
captured
captured
0 0
captured
captured
captured
captured
captured
captured
captured
step 34
16 13
16 13
16 13
16 13
16 13
16 13
16 22
21 22
25 21
25 16
captured
captured
captured
captured
captured
captured
captured
17 0
captured
captured
captured
captured
0 0
captured
captured
captured
captured
captured
captured
captured
step 35
17 12
17 12
17 12
17 12
17 12
17 12
15 22
20 22
25 22
25 17
captured
captured
captured
captured
captured
captured
captured
18 0
captured
captured
captured
captured
0 0
captured
captured
captured
captured
captured
captured
captured
step 36
18 11
18 11
18 11
18 11
18 11
18 11
14 22
19 22
24 22
25 18
captured
captured
captured
captured
captured
captured
captured
19 0
captured
captured
captured
captured
0 0
captured
captured
captured
captured
captured
captured
captured
step 37
19 10
19 10
19 10
19 10
19 10
19 10
13 22
18 22
23 22
25 19
captured
captured
captured
captured
captured
captured
captured
20 0
captured
captured
captured
captured
0 0
captured
captured
captured
captured
captured
captured
captured
step 38
20 9
20 9
20 9
20 9
20 9
20 9
12 22
17 22
22 22
25 20
captured
captured
captured
captured
captured
captured
captured
21 0
captured
captured
captured
captured
0 0
captured
captured
captured
captured
captured
captured
captured
step 39
21 8
21 8
21 8
21 8
21 8
21 8
11 22
16 22
21 22
25 21
captured
captured
captured
captured
captured
captured
captured
22 0
captured
captured
captured
captured
0 0
captured
captured
captured
captured
captured
captured
captured
step 40
22 7
22 7
22 7
22 7
22 7
22 7
10 22
15 22
20 22
25 22
captured
captured
captured
captured
captured
captured
captured
23 0
captured
captured
captured
captured
0 0
captured
captured
captured
captured
captured
captured
captured
step 41
23 6
23 6
23 6
23 6
23 6
23 6
9 22
14 22
19 22
24 22
captured
captured
captured
captured
captured
captured
captured
24 0
captured
captured
captured
captured
0 0
captured
captured
captured
captured
captured
captured
captured
step 42
24 5
24 5
24 5
24 5
24 5
24 5
8 22
13 22
18 22
23 22
captured
captured
captured
captured
captured
captured
captured
25 0
captured
captured
captured
captured
0 0
captured
captured
captured
captured
captured
captured
captured
step 43
25 4
25 4
25 4
25 4
25 4
25 4
7 22
12 22
17 22
22 22
captured
captured
captured
captured
captured
captured
captured
25 1
captured
captured
captured
captured
0 0
captured
captured
captured
captured
captured
captured
captured
step 44
25 3
25 3
25 3
25 3
25 3
25 3
6 22
11 22
16 22
21 22
captured
captured
captured
captured
captured
captured
captured
25 2
captured
captured
captured
captured
0 0
captured
captured
captured
captured
captured
captured
captured
step 45
25 2
25 2
25 2
25 2
25 2
25 2
5 22
10 22
15 22
20 22
captured
captured
captured
captured
captured
captured
captured
captured
captured
captured
captured
captured
0 0
captured
captured
captured
captured
captured
captured
captured
step 46
24 1
24 1
24 1
24 1
24 1
24 1
4 22
9 22
14 22
19 22
captured
captured
captured
captured
captured
captured
captured
captured
captured
captured
captured
captured
0 0
captured
captured
captured
captured
captured
captured
captured
step 47
23 0
23 0
23 0
23 0
23 0
23 0
3 22
8 22
13 22
18 22
captured
captured
captured
captured
captured
captured
captured
captured
captured
captured
captured
captured
0 0
captured
captured
captured
captured
captured
captured
captured
step 48
22 0
22 0
22 0
22 0
22 0
22 0
2 22
7 22
12 22
17 22
captured
captured
captured
captured
captured
captured
captured
captured
captured
captured
captured
captured
0 0
captured
captured
captured
captured
captured
captured
captured
step 49
21 0
21 0
21 0
21 0
21 0
21 0
1 22
6 22
11 22
16 22
captured
captured
captured
captured
captured
captured
captured
captured
captured
captured
captured
captured
0 1
captured
captured
captured
captured
captured
captured
captured
step 50
20 1
20 1
20 1
20 1
20 1
20 1
0 22
5 22
10 22
15 22
captured
captured
captured
captured
captured
captured
captured
captured
captured
captured
captured
captured
0 2
captured
captured
captured
captured
captured
captured
captured
step 51
19 2
19 2
19 2
19 2
19 2
19 2
0 21
4 22
9 22
14 22
captured
captured
captured
captured
captured
captured
captured
captured
captured
captured
captured
captured
0 3
captured
captured
captured
captured
captured
captured
captured
step 52
18 3
18 3
18 3
18 3
18 3
18 3
0 20
3 22
8 22
13 22
captured
captured
captured
captured
captured
captured
captured
captured
captured
captured
captured
captured
0 2
captured
captured
captured
captured
captured
captured
captured
step 53
17 2
17 2
17 2
17 2
17 2
17 2
0 19
2 22
7 22
12 22
captured
captured
captured
captured
captured
captured
captured
captured
captured
captured
captured
captured
0 1
captured
captured
captured
captured
captured
captured
captured
step 54
16 1
16 1
16 1
16 1
16 1
16 1
0 18
1 22
6 22
11 22
captured
captured
captured
captured
captured
captured
captured
captured
captured
captured
captured
captured
0 0
captured
captured
captured
captured
captured
captured
captured
step 55
15 0
15 0
15 0
15 0
15 0
15 0
0 17
0 22
5 22
10 22
captured
captured
captured
captured
captured
captured
captured
captured
captured
captured
captured
captured
0 0
captured
captured
captured
captured
captured
captured
captured
step 56
14 0
14 0
14 0
14 0
14 0
14 0
0 16
0 21
4 22
9 22
captured
captured
captured
captured
captured
captured
captured
captured
captured
captured
captured
captured
0 1
captured
captured
captured
captured
captured
captured
captured
step 57
13 1
13 1
13 1
13 1
13 1
13 1
0 15
0 20
3 22
8 22
captured
captured
captured
captured
captured
captured
captured
captured
captured
captured
captured
captured
0 2
captured
captured
captured
captured
captured
captured
captured
step 58
12 2
12 2
12 2
12 2
12 2
12 2
0 14
0 19
2 22
7 22
captured
captured
captured
captured
captured
captured
captured
captured
captured
captured
captured
captured
0 3
captured
captured
captured
captured
captured
captured
captured
step 59
11 3
11 3
11 3
11 3
11 3
11 3
0 13
0 18
1 22
6 22
captured
captured
captured
captured
captured
captured
captured
captured
captured
captured
captured
captured
0 2
captured
captured
captured
captured
captured
captured
captured
step 60
10 2
10 2
10 2
10 2
10 2
10 2
0 12
0 17
0 22
5 22
captured
captured
captured
captured
captured
captured
captured
captured
captured
captured
captured
captured
0 1
captured
captured
captured
captured
captured
captured
captured
step 61
9 1
9 1
9 1
9 1
9 1
9 1
0 11
0 16
0 21
4 22
captured
captured
captured
captured
captured
captured
captured
captured
captured
captured
captured
captured
0 0
captured
captured
captured
captured
captured
captured
captured
step 62
8 0
8 0
8 0
8 0
8 0
8 0
0 10
0 15
0 20
3 22
captured
captured
captured
captured
captured
captured
captured
captured
captured
captured
captured
captured
0 0
captured
captured
captured
captured
captured
captured
captured
step 63
7 0
7 0
7 0
7 0
7 0
7 0
0 9
0 14
0 19
2 22
captured
captured
captured
captured
captured
captured
captured
captured
captured
captured
captured
captured
0 1
captured
captured
captured
captured
captured
captured
captured
step 64
6 1
6 1
6 1
6 1
6 1
6 1
0 8
0 13
0 18
1 22
captured
captured
captured
captured
captured
captured
captured
captured
captured
captured
captured
captured
0 2
captured
captured
captured
captured
captured
captured
captured
step 65
5 2
5 2
5 2
5 2
5 2
5 2
0 7
0 12
0 17
0 22
captured
captured
captured
captured
captured
captured
captured
captured
captured
captured
captured
captured
0 3
captured
captured
captured
captured
captured
captured
captured
step 66
4 3
4 3
4 3
4 3
4 3
4 3
0 6
0 11
0 16
0 21
captured
captured
captured
captured
captured
captured
captured
captured
captured
captured
captured
captured
0 2
captured
captured
captured
captured
captured
captured
captured
step 67
3 2
3 2
3 2
3 2
3 2
3 2
0 5
0 10
0 15
0 20
captured
captured
captured
captured
captured
captured
captured
captured
captured
captured
captured
captured
0 1
captured
captured
captured
captured
captured
captured
captured
step 68
2 1
2 1
2 1
2 1
2 1
2 1
0 4
0 9
0 14
0 19
captured
captured
captured
captured
captured
captured
captured
captured
captured
captured
captured
captured
0 0
captured
captured
captured
captured
captured
captured
captured
step 69
1 0
1 0
1 0
1 0
1 0
1 0
0 3
0 8
0 13
0 18
captured
captured
captured
captured
captured
captured
captured
captured
captured
captured
captured
captured
0 0
captured
captured
captured
captured
captured
captured
captured
step 70
0 0
0 0
0 0
0 0
0 0
0 0
0 2
0 7
0 12
0 17
captured
captured
captured
captured
captured
captured
captured
captured
captured
captured
captured
captured
0 1
captured
captured
captured
captured
captured
captured
captured
step 71
0 1
0 1
0 1
0 1
0 1
0 1
0 1
0 6
0 11
0 16
captured
captured
captured
captured
captured
captured
captured
captured
captured
captured
captured
captured
captured
captured
captured
captured
captured
captured
captured
captured
O
